<?xml version="1.0" encoding="UTF-8"?>
<testng-results ignored="0" total="2" passed="2" failed="0" skipped="0">
  <reporter-output>
    <line>
      <![CDATA[adarsha]]>
    </line>
    <line>
      <![CDATA[aditya]]>
    </line>
  </reporter-output>
  <suite started-at="2022-10-09T20:19:13 IST" name="Suite" finished-at="2022-10-09T20:19:13 IST" duration-ms="84">
    <groups>
    </groups>
    <test started-at="2022-10-09T20:19:13 IST" name="Test" finished-at="2022-10-09T20:19:13 IST" duration-ms="84">
      <class name="scripts.testcase1">
        <test-method signature="tc1()[pri:0, instance:scripts.testcase1@7ce3cb8e]" started-at="2022-10-09T20:19:13 IST" name="tc1" finished-at="2022-10-09T20:19:13 IST" duration-ms="14" status="PASS">
          <reporter-output>
            <line>
              <![CDATA[adarsha]]>
            </line>
          </reporter-output>
        </test-method> <!-- tc1 -->
      </class> <!-- scripts.testcase1 -->
      <class name="scripts.testcate2">
        <test-method signature="tc2()[pri:0, instance:scripts.testcate2@4a22f9e2]" started-at="2022-10-09T20:19:13 IST" name="tc2" finished-at="2022-10-09T20:19:13 IST" duration-ms="2" status="PASS">
          <reporter-output>
            <line>
              <![CDATA[aditya]]>
            </line>
          </reporter-output>
        </test-method> <!-- tc2 -->
      </class> <!-- scripts.testcate2 -->
    </test> <!-- Test -->
  </suite> <!-- Suite -->
</testng-results>
